<?xml version="1.0" encoding="UTF-8"?>
<Site BuildName="(empty)"
	BuildStamp="20241212-1513-Experimental"
	Name="akhilan-vivobook-asus-x512flc"
	Generator="ctest-3.16.3"
	CompilerName="/usr/bin/c++"
	CompilerVersion="9.4.0"
	OSName="Linux"
	Hostname="akhilan-vivobook-asus-x512flc"
	OSRelease="5.15.0-125-generic"
	OSVersion="#135~20.04.1-Ubuntu SMP Mon Oct 7 13:56:22 UTC 2024"
	OSPlatform="x86_64"
	Is64Bits="1"
	VendorString="GenuineIntel"
	VendorID="Intel Corporation"
	FamilyID="6"
	ModelID="142"
	ProcessorCacheSize="6144"
	NumberOfLogicalCPU="8"
	NumberOfPhysicalCPU="4"
	TotalVirtualMemory="2047"
	TotalPhysicalMemory="19847"
	LogicalProcessorsPerPhysical="2"
	ProcessorClockFrequency="800.002"
	>
	<Testing>
		<StartDateTime>Dec 12 16:13 CET</StartDateTime>
		<StartTestTime>1734016397</StartTestTime>
		<TestList/>
		<EndDateTime>Dec 12 16:13 CET</EndDateTime>
		<EndTestTime>1734016397</EndTestTime>
		<ElapsedMinutes>0</ElapsedMinutes>
	</Testing>
</Site>
