<?xml version="1.0" encoding="UTF-8"?>
<Site BuildName="(empty)"
	BuildStamp="20250124-1205-Experimental"
	Name="akhilan-vivobook-asus-x512flc"
	Generator="ctest-3.16.3"
	CompilerName="/usr/bin/c++"
	CompilerVersion="9.4.0"
	OSName="Linux"
	Hostname="akhilan-vivobook-asus-x512flc"
	OSRelease="5.15.0-125-generic"
	OSVersion="#135~20.04.1-Ubuntu SMP Mon Oct 7 13:56:22 UTC 2024"
	OSPlatform="x86_64"
	Is64Bits="1"
	VendorString="GenuineIntel"
	VendorID="Intel Corporation"
	FamilyID="6"
	ModelID="142"
	ProcessorCacheSize="6144"
	NumberOfLogicalCPU="8"
	NumberOfPhysicalCPU="4"
	TotalVirtualMemory="2047"
	TotalPhysicalMemory="19847"
	LogicalProcessorsPerPhysical="2"
	ProcessorClockFrequency="1533.97"
	>
	<Testing>
		<StartDateTime>Jan 24 20:47 CET</StartDateTime>
		<StartTestTime>1737748061</StartTestTime>
		<TestList/>
		<EndDateTime>Jan 24 20:47 CET</EndDateTime>
		<EndTestTime>1737748061</EndTestTime>
		<ElapsedMinutes>0</ElapsedMinutes>
	</Testing>
</Site>
